<?xml version="1.0" encoding="UTF-8"?>
<!-- Generated by org.testng.reporters.JUnitReportReporter -->
<testsuite hostname="DESKTOP-05FCO2V" failures="0" tests="1" name="testpractice.TC_Login" time="16.190" errors="0" timestamp="2022-10-10T19:12:11 IST" skipped="0">
  <testcase classname="testpractice.TC_Login" name="login" time="16.190"/>
  <system-out/>
</testsuite> <!-- testpractice.TC_Login -->
